[debug] [2020-04-19T19:42:54.668Z] ----------------------------------------------------------------------
[debug] [2020-04-19T19:42:54.670Z] Command:       C:\Program Files\nodejs\node.exe C:\Users\Antony\AppData\Roaming\npm\node_modules\firebase-tools\lib\bin\firebase.js deploy
[debug] [2020-04-19T19:42:54.670Z] CLI Version:   7.16.1
[debug] [2020-04-19T19:42:54.670Z] Platform:      win32
[debug] [2020-04-19T19:42:54.670Z] Node Version:  v10.15.3
[debug] [2020-04-19T19:42:54.674Z] Time:          Sun Apr 19 2020 21:42:54 GMT+0200 (Central European Summer Time)
[debug] [2020-04-19T19:42:54.674Z] ----------------------------------------------------------------------
[debug] [2020-04-19T19:42:54.674Z] 
[debug] [2020-04-19T19:42:54.687Z] > command requires scopes: ["email","openid","https://www.googleapis.com/auth/cloudplatformprojects.readonly","https://www.googleapis.com/auth/firebase","https://www.googleapis.com/auth/cloud-platform"]
[debug] [2020-04-19T19:42:54.687Z] > authorizing via signed-in user
[debug] [2020-04-19T19:42:54.688Z] [iam] checking project main-project-fca49 for permissions ["cloudfunctions.functions.create","cloudfunctions.functions.delete","cloudfunctions.functions.get","cloudfunctions.functions.list","cloudfunctions.functions.update","cloudfunctions.operations.get","firebase.projects.get","firebasehosting.sites.update"]
[debug] [2020-04-19T19:42:54.691Z] > refreshing access token with scopes: ["email","https://www.googleapis.com/auth/cloud-platform","https://www.googleapis.com/auth/cloudplatformprojects.readonly","https://www.googleapis.com/auth/firebase","openid"]
[debug] [2020-04-19T19:42:54.691Z] >>> HTTP REQUEST POST https://www.googleapis.com/oauth2/v3/token  
 <request body omitted>
[debug] [2020-04-19T19:42:54.954Z] <<< HTTP RESPONSE 200
[debug] [2020-04-19T19:42:54.962Z] >>> HTTP REQUEST POST https://cloudresourcemanager.googleapis.com/v1/projects/main-project-fca49:testIamPermissions  

[debug] [2020-04-19T19:42:55.993Z] <<< HTTP RESPONSE 200
[debug] [2020-04-19T19:42:55.994Z] >>> HTTP REQUEST GET https://firebase.googleapis.com/v1beta1/projects/main-project-fca49  
 
[debug] [2020-04-19T19:42:56.501Z] <<< HTTP RESPONSE 200
[info] 
[info] === Deploying to 'main-project-fca49'...
[info] 
[info] i  deploying functions, hosting
[debug] [2020-04-19T19:43:03.031Z] > [functions] package.json contents: {
  "name": "functions",
  "description": "Cloud Functions for Firebase",
  "scripts": {
    "serve": "firebase emulators:start --only functions",
    "shell": "firebase functions:shell",
    "start": "npm run shell",
    "deploy": "firebase deploy --only functions",
    "logs": "firebase functions:log"
  },
  "engines": {
    "node": "8"
  },
  "dependencies": {
    "body-parser": "^1.19.0",
    "cors": "^2.8.5",
    "firebase-admin": "^8.6.0",
    "firebase-functions": "^3.3.0"
  },
  "devDependencies": {
    "firebase-functions-test": "^0.1.6"
  },
  "private": true
}
[info] i  functions: ensuring necessary APIs are enabled...
[debug] [2020-04-19T19:43:03.032Z] >>> HTTP REQUEST GET https://serviceusage.googleapis.com/v1/projects/main-project-fca49/services/cloudfunctions.googleapis.com  
 
[debug] [2020-04-19T19:43:03.033Z] >>> HTTP REQUEST GET https://serviceusage.googleapis.com/v1/projects/main-project-fca49/services/runtimeconfig.googleapis.com  
 
[debug] [2020-04-19T19:43:04.176Z] <<< HTTP RESPONSE 200
[debug] [2020-04-19T19:43:04.243Z] <<< HTTP RESPONSE 200
[info] +  functions: all necessary APIs are enabled
[debug] [2020-04-19T19:43:04.244Z] >>> HTTP REQUEST GET https://firebase.googleapis.com/v1beta1/projects/main-project-fca49/adminSdkConfig  
 
[debug] [2020-04-19T19:43:04.572Z] <<< HTTP RESPONSE 200
[debug] [2020-04-19T19:43:04.573Z] >>> HTTP REQUEST POST https://firebasehosting.googleapis.com/v1beta1/sites/main-project-fca49/versions  

[debug] [2020-04-19T19:43:06.449Z] <<< HTTP RESPONSE 200
[info] i  functions: preparing functions directory for uploading...
[debug] [2020-04-19T19:43:06.452Z] >>> HTTP REQUEST GET https://runtimeconfig.googleapis.com/v1beta1/projects/main-project-fca49/configs  
 
[debug] [2020-04-19T19:43:06.870Z] <<< HTTP RESPONSE 200
[info] i  functions: packaged functions (28.72 KB) for uploading
[debug] [2020-04-19T19:43:09.715Z] >>> HTTP REQUEST POST https://cloudfunctions.googleapis.com/v1/projects/main-project-fca49/locations/us-central1/functions:generateUploadUrl  
 
[debug] [2020-04-19T19:43:10.419Z] <<< HTTP RESPONSE 200
[debug] [2020-04-19T19:43:10.419Z] >>> HTTP REQUEST PUT https://storage.googleapis.com/gcf-upload-us-central1-b0e88360-2e96-4208-af96-ca3556cfd5e8/c0fd75b5-9d4a-4b30-854d-077ac85183ce.zip?GoogleAccessId=service-622904102588@gcf-admin-robot.iam.gserviceaccount.com&Expires=1587327190&Signature=SB%2FfVroFVzVjMPvt0JxuoFkeyJoEfxOuMK4kk3ISSuI9Cjg37VGGbqk99Vv%2BeyVe6ltMsgKj4gp4AfZs8eOoeCnsbBlvb3KORYiNDmW1%2FRGmN7V26iv0LYDtJONV4dsVoBz2PFKkwolPZEuzXBLYZV%2BMSErsPAgNo9Sp1m%2BSfxHALC0IX6WLJKN93njqza7XFD9irgPp5nbiSSNhtPNtO0YjsQHm4cTJXH0FfwDpcgN0IT7LNEChIehcDIuFQMYPk268fc2%2Fm%2FYg1PmD992501ldp%2F65UmZe8b%2FJHKPI6V%2Fg2CWzZi%2BkALhseNPZYqFQ7JeK%2BRL3Pb%2BFXaeoo9FI8g%3D%3D  
 <request body omitted>
[debug] [2020-04-19T19:43:10.973Z] <<< HTTP RESPONSE 200
[info] +  functions: functions folder uploaded successfully
[info] i  hosting[main-project-fca49]: beginning deploy...
[info] i  hosting[main-project-fca49]: found 15 files in dist
[debug] [2020-04-19T19:43:11.313Z] [hosting] hash cache [ZGlzdA] stored for 15 files
[debug] [2020-04-19T19:43:11.313Z] [hosting][hash queue][FINAL]
[debug] [2020-04-19T19:43:11.313Z] >>> HTTP REQUEST POST https://firebasehosting.googleapis.com/v1beta1/sites/main-project-fca49/versions/b6de6dd64b074f57:populateFiles  
 <request body omitted>
[debug] [2020-04-19T19:43:12.589Z] <<< HTTP RESPONSE 200
[debug] [2020-04-19T19:43:12.592Z] [hosting][populate queue][FINAL]
[debug] [2020-04-19T19:43:12.592Z] [hosting] uploads queued: 4
[debug] [2020-04-19T19:43:15.061Z] [hosting][upload queue][FINAL]
[info] +  hosting[main-project-fca49]: file upload complete
[debug] [2020-04-19T19:43:15.062Z] [hosting] deploy completed after 4086ms
[debug] [2020-04-19T19:43:15.277Z] >>> HTTP REQUEST GET https://cloudfunctions.googleapis.com/v1/projects/main-project-fca49/locations/-/functions  
 
[debug] [2020-04-19T19:43:15.756Z] <<< HTTP RESPONSE 200
[info] i  functions: updating Node.js 8 function api(us-central1)...
[debug] [2020-04-19T19:43:15.758Z] Trigger is:  {"httpsTrigger":{}}
[debug] [2020-04-19T19:43:15.759Z] >>> HTTP REQUEST GET https://serviceusage.googleapis.com/v1/projects/main-project-fca49/services/cloudscheduler.googleapis.com  
 
[debug] [2020-04-19T19:43:16.795Z] <<< HTTP RESPONSE 200
[debug] [2020-04-19T19:43:16.796Z] >>> HTTP REQUEST PATCH https://cloudfunctions.googleapis.com/v1/projects/main-project-fca49/locations/us-central1/functions/api {"updateMask":"sourceUploadUrl,name,labels,runtime,httpsTrigger"} 

[debug] [2020-04-19T19:43:17.354Z] <<< HTTP RESPONSE 200
[debug] [2020-04-19T19:43:17.355Z] >>> HTTP REQUEST GET https://cloudfunctions.googleapis.com/v1/projects/main-project-fca49/locations/-/functions  
 
[debug] [2020-04-19T19:43:17.848Z] <<< HTTP RESPONSE 200
[debug] [2020-04-19T19:43:17.849Z] >>> HTTP REQUEST GET https://cloudfunctions.googleapis.com/v1/operations/bWFpbi1wcm9qZWN0LWZjYTQ5L3VzLWNlbnRyYWwxL2FwaS93Qlc0em5yLW1Kcw  
 
[debug] [2020-04-19T19:43:18.169Z] <<< HTTP RESPONSE 200
[debug] [2020-04-19T19:43:20.170Z] >>> HTTP REQUEST GET https://cloudfunctions.googleapis.com/v1/operations/bWFpbi1wcm9qZWN0LWZjYTQ5L3VzLWNlbnRyYWwxL2FwaS93Qlc0em5yLW1Kcw  
 
[debug] [2020-04-19T19:43:20.539Z] <<< HTTP RESPONSE 200
[debug] [2020-04-19T19:43:22.539Z] >>> HTTP REQUEST GET https://cloudfunctions.googleapis.com/v1/operations/bWFpbi1wcm9qZWN0LWZjYTQ5L3VzLWNlbnRyYWwxL2FwaS93Qlc0em5yLW1Kcw  
 
[debug] [2020-04-19T19:43:22.891Z] <<< HTTP RESPONSE 200
[debug] [2020-04-19T19:43:24.892Z] >>> HTTP REQUEST GET https://cloudfunctions.googleapis.com/v1/operations/bWFpbi1wcm9qZWN0LWZjYTQ5L3VzLWNlbnRyYWwxL2FwaS93Qlc0em5yLW1Kcw  
 
[debug] [2020-04-19T19:43:25.226Z] <<< HTTP RESPONSE 200
[debug] [2020-04-19T19:43:27.227Z] >>> HTTP REQUEST GET https://cloudfunctions.googleapis.com/v1/operations/bWFpbi1wcm9qZWN0LWZjYTQ5L3VzLWNlbnRyYWwxL2FwaS93Qlc0em5yLW1Kcw  
 
[debug] [2020-04-19T19:43:27.559Z] <<< HTTP RESPONSE 200
[debug] [2020-04-19T19:43:29.561Z] >>> HTTP REQUEST GET https://cloudfunctions.googleapis.com/v1/operations/bWFpbi1wcm9qZWN0LWZjYTQ5L3VzLWNlbnRyYWwxL2FwaS93Qlc0em5yLW1Kcw  
 
[debug] [2020-04-19T19:43:29.870Z] <<< HTTP RESPONSE 200
[debug] [2020-04-19T19:43:31.873Z] >>> HTTP REQUEST GET https://cloudfunctions.googleapis.com/v1/operations/bWFpbi1wcm9qZWN0LWZjYTQ5L3VzLWNlbnRyYWwxL2FwaS93Qlc0em5yLW1Kcw  
 
[debug] [2020-04-19T19:43:32.402Z] <<< HTTP RESPONSE 200
